<?xml version="1.0" encoding="UTF-8"?>
<!-- Generated by org.testng.reporters.JUnitReportReporter -->
<testsuite hostname="LAPTOP-RERLQ593" failures="0" tests="1" name="com.filpkart.MobileAutomatio.AppTest" time="0.010" errors="0" timestamp="2024-01-24T18:10:03 IST" skipped="0">
  <testcase classname="com.filpkart.MobileAutomatio.AppTest" name="shouldAnswerWithTrue" time="0.010"/>
</testsuite> <!-- com.filpkart.MobileAutomatio.AppTest -->
