<?xml version="1.0" encoding="UTF-8"?>
<!-- Generated by org.testng.reporters.JUnitReportReporter -->
<testsuite hostname="NTS205759MC.local" name="testCases.onBoardingTest" tests="2" failures="0" timestamp="29 Aug 2021 09:13:50 GMT" time="9.433" errors="0">
  <testcase name="onboardFlowing" time="3.060" classname="testCases.onBoardingTest"/>
  <testcase name="onboardFlow" time="6.373" classname="testCases.onBoardingTest"/>
</testsuite> <!-- testCases.onBoardingTest -->
