<?xml version="1.0" encoding="UTF-8"?>
<!-- Generated by org.testng.reporters.JUnitReportReporter -->
<testsuite hostname="LAPTOP-RERLQ593" failures="0" tests="1" name="com.filpkart.MobileAutomatio.emulatorDemo" time="15.907" errors="0" timestamp="2024-01-26T15:19:59 IST" skipped="0">
  <testcase classname="com.filpkart.MobileAutomatio.emulatorDemo" name="simpleTest" time="15.907"/>
</testsuite> <!-- com.filpkart.MobileAutomatio.emulatorDemo -->
