<?xml version="1.0" encoding="UTF-8"?>
<!-- Generated by org.testng.reporters.JUnitReportReporter -->
<testsuite hostname="LAPTOP-RERLQ593" failures="0" tests="1" name="com.filpkart.MobileAutomatio.SimpleDemo" time="18.573" errors="0" timestamp="2024-01-24T19:17:53 IST" skipped="0">
  <testcase classname="com.filpkart.MobileAutomatio.SimpleDemo" name="desiredCapabilities" time="18.573"/>
</testsuite> <!-- com.filpkart.MobileAutomatio.SimpleDemo -->
